<?xml version="1.0" encoding="UTF-8" ?>
<testsuites errors="0"
            failures="1"
            tests="1">

  <testsuite name="prod.tests"
    errors="0" failures="1" hostname="" id="" package="prod.tests" skipped="0"
    tests="1" time="6.699" timestamp="">
  
    <testcase name="Deployed Fairy-game homepage" classname="prod.tests" time="6.699" assertions="3">

    

      <failure message="Expected element &lt;.Login&gt; to be a div - element was not found - expected [0;32m&#34;present&#34;[0m but got: [0;31m&#34;not present&#34;[0m">    at Object.Deployed Fairy-game homepage (/Users/mauriceokumu/fairy-game/E2Etest/prod.tests.js:9:17)
    at process._tickCallback (internal/process/next_tick.js:68:7)</failure>

    <failure message="    at Object.Deployed Fairy-game homepage (/Users/mauriceokumu/fairy-game/E2Etest/prod.tests.js:9:17)">    at process._tickCallback (internal/process/next_tick.js:68:7)</failure>
    </testcase>
  

  

  
  </testsuite>
</testsuites>
